2025-11-25 00:04:50,138 - __main__ - INFO - ============================================================
2025-11-25 00:04:50,139 - __main__ - INFO - INITIALIZING SENTIMENT ANALYSIS SYSTEM
2025-11-25 00:04:50,139 - __main__ - INFO - ============================================================
2025-11-25 00:04:50,139 - __main__ - INFO - 
Initializing IA model...
2025-11-25 00:04:50,139 - services.sentiment_analyzer - WARNING - Not trained model found
2025-11-25 00:04:50,140 - __main__ - INFO - Cannot found trained model, training new model...
2025-11-25 00:04:50,140 - services.model_trainer - INFO - Initializing training model...
2025-11-25 00:04:50,339 - services.model_trainer - INFO - Dataset loaded from E:\Uni\Practicas_ML\sentiment-analysis\data\datasets\twitter_dataset.csv
2025-11-25 00:04:50,340 - services.model_trainer - INFO - Dataset loaded: 74681 examples
2025-11-25 00:09:28,415 - __main__ - INFO - ============================================================
2025-11-25 00:09:28,415 - __main__ - INFO - INITIALIZING SENTIMENT ANALYSIS SYSTEM
2025-11-25 00:09:28,415 - __main__ - INFO - ============================================================
2025-11-25 00:09:28,416 - __main__ - INFO - 
Initializing IA model...
2025-11-25 00:09:28,416 - services.sentiment_analyzer - WARNING - Not trained model found
2025-11-25 00:09:28,416 - __main__ - INFO - Cannot found trained model, training new model...
2025-11-25 00:09:28,416 - services.model_trainer - INFO - Initializing training model...
2025-11-25 00:09:28,617 - services.model_trainer - INFO - Dataset loaded from E:\Uni\Practicas_ML\sentiment-analysis\data\datasets\twitter_dataset.csv
2025-11-25 00:09:28,618 - services.model_trainer - INFO - Dataset loaded: 74681 examples
2025-11-25 00:11:48,596 - __main__ - INFO - ============================================================
2025-11-25 00:11:48,597 - __main__ - INFO - INITIALIZING SENTIMENT ANALYSIS SYSTEM
2025-11-25 00:11:48,597 - __main__ - INFO - ============================================================
2025-11-25 00:11:48,597 - __main__ - INFO - 
Initializing IA model...
2025-11-25 00:11:48,598 - services.sentiment_analyzer - WARNING - Not trained model found
2025-11-25 00:11:48,598 - __main__ - INFO - Cannot found trained model, training new model...
2025-11-25 00:11:48,598 - services.model_trainer - INFO - Initializing training model...
2025-11-25 00:11:48,855 - services.model_trainer - INFO - Dataset loaded from E:\Uni\Practicas_ML\sentiment-analysis\data\datasets\twitter_dataset.csv
2025-11-25 00:11:48,855 - services.model_trainer - INFO - Dataset loaded: 74681 examples
2025-11-25 00:11:48,856 - services.model_trainer - INFO - Dataset columns: Index(['2401', 'Borderlands', 'Positive',
       'im getting on borderlands and i will murder you all ,'],
      dtype='object')
2025-11-25 00:14:17,556 - __main__ - INFO - ============================================================
2025-11-25 00:14:17,556 - __main__ - INFO - INITIALIZING SENTIMENT ANALYSIS SYSTEM
2025-11-25 00:14:17,557 - __main__ - INFO - ============================================================
2025-11-25 00:14:17,557 - __main__ - INFO - 
Initializing IA model...
2025-11-25 00:14:17,557 - services.sentiment_analyzer - WARNING - Not trained model found
2025-11-25 00:14:17,557 - __main__ - INFO - Cannot found trained model, training new model...
2025-11-25 00:14:17,558 - services.model_trainer - INFO - Initializing training model...
2025-11-25 00:14:17,759 - services.model_trainer - INFO - Dataset loaded from E:\Uni\Practicas_ML\sentiment-analysis\data\datasets\twitter_dataset.csv
2025-11-25 00:14:17,760 - services.model_trainer - INFO - Dataset loaded: 74682 examples
2025-11-25 00:14:17,760 - services.model_trainer - INFO - Dataset columns: Index(['id', 'entity', 'sentiment', 'tweet'], dtype='object')
2025-11-25 00:14:17,769 - services.model_trainer - INFO - Class distribution:
sentiment
Negative      22542
Positive      20832
Neutral       18318
Irrelevant    12990
Name: count, dtype: int64
2025-11-25 00:14:17,769 - services.model_trainer - INFO - Preprocessing texts...
2025-11-25 00:19:02,514 - __main__ - INFO - ============================================================
2025-11-25 00:19:02,514 - __main__ - INFO - INITIALIZING SENTIMENT ANALYSIS SYSTEM
2025-11-25 00:19:02,515 - __main__ - INFO - ============================================================
2025-11-25 00:19:02,515 - __main__ - INFO - 
Initializing IA model...
2025-11-25 00:19:02,515 - services.sentiment_analyzer - WARNING - Not trained model found
2025-11-25 00:19:02,515 - __main__ - INFO - Cannot found trained model, training new model...
2025-11-25 00:19:02,515 - services.model_trainer - INFO - Initializing training model...
2025-11-25 00:19:02,722 - services.model_trainer - INFO - Dataset loaded from E:\Uni\Practicas_ML\sentiment-analysis\data\datasets\twitter_dataset.csv
2025-11-25 00:19:02,722 - services.model_trainer - INFO - Dataset loaded: 74682 examples
2025-11-25 00:19:02,722 - services.model_trainer - INFO - Dataset columns: Index(['id', 'entity', 'sentiment', 'tweet'], dtype='object')
2025-11-25 00:19:02,727 - services.model_trainer - INFO - Class distribution:
sentiment
Negative      22542
Positive      20832
Neutral       18318
Irrelevant    12990
Name: count, dtype: int64
2025-11-25 00:19:02,728 - services.model_trainer - INFO - Preprocessing texts...
2025-11-25 00:20:15,032 - __main__ - INFO - ============================================================
2025-11-25 00:20:15,032 - __main__ - INFO - INITIALIZING SENTIMENT ANALYSIS SYSTEM
2025-11-25 00:20:15,032 - __main__ - INFO - ============================================================
2025-11-25 00:20:15,033 - __main__ - INFO - 
Initializing IA model...
2025-11-25 00:20:15,033 - services.sentiment_analyzer - WARNING - Not trained model found
2025-11-25 00:20:15,034 - __main__ - INFO - Cannot found trained model, training new model...
2025-11-25 00:20:15,034 - services.model_trainer - INFO - Initializing training model...
2025-11-25 00:20:15,262 - services.model_trainer - INFO - Dataset loaded from E:\Uni\Practicas_ML\sentiment-analysis\data\datasets\twitter_dataset.csv
2025-11-25 00:20:15,263 - services.model_trainer - INFO - Dataset loaded: 74682 examples
2025-11-25 00:20:15,263 - services.model_trainer - INFO - Dataset columns: Index(['id', 'entity', 'sentiment', 'tweet'], dtype='object')
2025-11-25 00:20:15,269 - services.model_trainer - INFO - Class distribution:
sentiment
Negative      22542
Positive      20832
Neutral       18318
Irrelevant    12990
Name: count, dtype: int64
2025-11-25 00:20:15,270 - services.model_trainer - INFO - Preprocessing texts...
2025-11-25 00:20:15,270 - services.model_trainer - INFO - 0    im getting on borderlands and i will murder yo...
1    I am coming to the borders and I will kill you...
2    im getting on borderlands and i will kill you ...
3    im coming on borderlands and i will murder you...
4    im getting on borderlands 2 and i will murder ...
Name: tweet, dtype: object
2025-11-25 00:23:28,708 - __main__ - INFO - ============================================================
2025-11-25 00:23:28,708 - __main__ - INFO - INITIALIZING SENTIMENT ANALYSIS SYSTEM
2025-11-25 00:23:28,708 - __main__ - INFO - ============================================================
2025-11-25 00:23:28,709 - __main__ - INFO - 
Initializing IA model...
2025-11-25 00:23:28,709 - services.sentiment_analyzer - WARNING - Not trained model found
2025-11-25 00:23:28,709 - __main__ - INFO - Cannot found trained model, training new model...
2025-11-25 00:23:28,709 - services.model_trainer - INFO - Initializing training model...
2025-11-25 00:23:28,916 - services.model_trainer - INFO - Dataset loaded from E:\Uni\Practicas_ML\sentiment-analysis\data\datasets\twitter_dataset.csv
2025-11-25 00:23:28,916 - services.model_trainer - INFO - Dataset loaded: 74682 examples
2025-11-25 00:23:28,917 - services.model_trainer - INFO - Dataset columns: Index(['id', 'entity', 'sentiment', 'tweet'], dtype='object')
2025-11-25 00:23:28,922 - services.model_trainer - INFO - Class distribution:
sentiment
Negative      22542
Positive      20832
Neutral       18318
Irrelevant    12990
Name: count, dtype: int64
2025-11-25 00:23:28,922 - services.model_trainer - INFO - Preprocessing texts...
2025-11-25 00:24:41,429 - __main__ - INFO - ============================================================
2025-11-25 00:24:41,429 - __main__ - INFO - INITIALIZING SENTIMENT ANALYSIS SYSTEM
2025-11-25 00:24:41,429 - __main__ - INFO - ============================================================
2025-11-25 00:24:41,429 - __main__ - INFO - 
Initializing IA model...
2025-11-25 00:24:41,430 - services.sentiment_analyzer - WARNING - Not trained model found
2025-11-25 00:24:41,430 - __main__ - INFO - Cannot found trained model, training new model...
2025-11-25 00:24:41,430 - services.model_trainer - INFO - Initializing training model...
2025-11-25 00:24:41,631 - services.model_trainer - INFO - Dataset loaded from E:\Uni\Practicas_ML\sentiment-analysis\data\datasets\twitter_dataset.csv
2025-11-25 00:24:41,632 - services.model_trainer - INFO - Dataset loaded: 74682 examples
2025-11-25 00:24:41,632 - services.model_trainer - INFO - Dataset columns: Index(['id', 'entity', 'sentiment', 'tweet'], dtype='object')
2025-11-25 00:24:41,637 - services.model_trainer - INFO - Class distribution:
sentiment
Negative      22542
Positive      20832
Neutral       18318
Irrelevant    12990
Name: count, dtype: int64
2025-11-25 00:24:41,638 - services.model_trainer - INFO - Preprocessing texts...
2025-11-25 21:51:03,557 - __main__ - INFO - ============================================================
2025-11-25 21:51:03,558 - __main__ - INFO - INITIALIZING SENTIMENT ANALYSIS SYSTEM
2025-11-25 21:51:03,558 - __main__ - INFO - ============================================================
2025-11-25 21:51:03,558 - __main__ - INFO - 
Initializing IA model...
2025-11-25 21:51:03,558 - services.sentiment_analyzer - WARNING - Not trained model found
2025-11-25 21:51:03,559 - __main__ - INFO - Cannot found trained model, training new model...
2025-11-25 21:51:03,559 - services.model_trainer - INFO - Initializing training model...
2025-11-25 21:51:03,788 - services.model_trainer - INFO - Dataset loaded from E:\Uni\Practicas_ML\sentiment-analysis\data\datasets\twitter_dataset.csv
2025-11-25 21:51:03,788 - services.model_trainer - INFO - Dataset loaded: 74682 examples
2025-11-25 21:51:03,789 - services.model_trainer - INFO - Dataset columns: Index(['id', 'entity', 'sentiment', 'tweet'], dtype='object')
2025-11-25 21:51:03,794 - services.model_trainer - INFO - Class distribution:
sentiment
Negative      22542
Positive      20832
Neutral       18318
Irrelevant    12990
Name: count, dtype: int64
2025-11-25 21:51:03,795 - services.model_trainer - INFO - Preprocessing texts...
2025-11-25 21:54:54,466 - __main__ - INFO - ============================================================
2025-11-25 21:54:54,467 - __main__ - INFO - INITIALIZING SENTIMENT ANALYSIS SYSTEM
2025-11-25 21:54:54,467 - __main__ - INFO - ============================================================
2025-11-25 21:54:54,467 - __main__ - INFO - 
Initializing IA model...
2025-11-25 21:54:54,468 - services.sentiment_analyzer - WARNING - Not trained model found
2025-11-25 21:54:54,468 - __main__ - INFO - Cannot found trained model, training new model...
2025-11-25 21:54:54,468 - services.model_trainer - INFO - Initializing training model...
2025-11-25 21:54:54,702 - services.model_trainer - INFO - Dataset loaded from E:\Uni\Practicas_ML\sentiment-analysis\data\datasets\twitter_dataset.csv
2025-11-25 21:54:54,703 - services.model_trainer - INFO - Dataset loaded: 73996 examples
2025-11-25 21:54:54,703 - services.model_trainer - INFO - Dataset columns: Index(['id', 'entity', 'sentiment', 'tweet'], dtype='object')
2025-11-25 21:54:54,709 - services.model_trainer - INFO - Class distribution:
sentiment
Negative      22358
Positive      20655
Neutral       18108
Irrelevant    12875
Name: count, dtype: int64
2025-11-25 21:54:54,710 - services.model_trainer - INFO - Preprocessing texts...
2025-11-25 21:55:14,015 - services.model_trainer - INFO - Vectorizing texts...
2025-11-25 21:55:15,159 - services.model_trainer - INFO - Training set: 59196 examples
2025-11-25 21:55:15,160 - services.model_trainer - INFO - Testing set: 14800 examples
2025-11-25 21:55:15,160 - services.model_trainer - INFO - Training SVM model...
2025-11-25 22:32:46,196 - services.sentiment_analyzer - INFO - Model saved in E:\Uni\Practicas_ML\sentiment-analysis\data\sentiment_model.pkl
2025-11-25 22:32:46,197 - services.model_trainer - INFO - Model trained succesfully
2025-11-25 22:32:46,197 - services.model_trainer - INFO - Training precision: 75.45%
2025-11-25 22:32:46,197 - services.model_trainer - INFO - Testing precision: 70.07%
2025-11-25 22:32:46,218 - __main__ - INFO - Model trained with 70.07% precision
2025-11-25 22:32:46,219 - __main__ - INFO - 
============================================================
2025-11-25 22:32:46,219 - __main__ - INFO - SYSTEM READY
2025-11-25 22:32:46,219 - __main__ - INFO - ============================================================
2025-11-25 22:32:46,235 - __main__ - INFO - 
Initializing web server...
2025-11-25 22:32:46,235 - __main__ - INFO - URL: http://0.0.0.0:5000
2025-11-25 22:32:46,235 - __main__ - INFO - Debug mode: True
2025-11-25 22:32:46,235 - __main__ - INFO - 
============================================================

2025-11-25 22:32:48,519 - werkzeug - INFO - [31m[1mWARNING: This is a development server. Do not use it in a production deployment. Use a production WSGI server instead.[0m
 * Running on all addresses (0.0.0.0)
 * Running on http://127.0.0.1:5000
 * Running on http://192.168.1.75:5000
2025-11-25 22:32:48,520 - werkzeug - INFO - [33mPress CTRL+C to quit[0m
2025-11-25 22:32:48,525 - werkzeug - INFO -  * Restarting with stat
2025-11-25 22:32:54,139 - __main__ - INFO - ============================================================
2025-11-25 22:32:54,140 - __main__ - INFO - INITIALIZING SENTIMENT ANALYSIS SYSTEM
2025-11-25 22:32:54,140 - __main__ - INFO - ============================================================
2025-11-25 22:32:54,140 - __main__ - INFO - 
Initializing IA model...
2025-11-25 22:32:54,148 - services.sentiment_analyzer - INFO - Model loaded from E:\Uni\Practicas_ML\sentiment-analysis\data\sentiment_model.pkl
2025-11-25 22:32:54,148 - __main__ - INFO - Model loaded succesfully
2025-11-25 22:32:54,149 - __main__ - INFO - 
============================================================
2025-11-25 22:32:54,149 - __main__ - INFO - SYSTEM READY
2025-11-25 22:32:54,149 - __main__ - INFO - ============================================================
2025-11-25 22:32:54,162 - __main__ - INFO - 
Initializing web server...
2025-11-25 22:32:54,162 - __main__ - INFO - URL: http://0.0.0.0:5000
2025-11-25 22:32:54,162 - __main__ - INFO - Debug mode: True
2025-11-25 22:32:54,162 - __main__ - INFO - 
============================================================

2025-11-25 22:32:54,175 - werkzeug - WARNING -  * Debugger is active!
2025-11-25 22:32:54,181 - werkzeug - INFO -  * Debugger PIN: 639-181-892
2025-11-25 22:34:13,075 - werkzeug - INFO - 127.0.0.1 - - [25/Nov/2025 22:34:13] "GET / HTTP/1.1" 200 -
2025-11-25 22:34:13,153 - werkzeug - INFO - 127.0.0.1 - - [25/Nov/2025 22:34:13] "[33mGET /favicon.ico HTTP/1.1[0m" 404 -
